SQL> SELECT * FROM TAB;

TNAME                          TABTYPE  CLUSTERID                                                                                                                                                       
------------------------------ ------- ----------                                                                                                                                                       
DEPT                           TABLE                                                                                                                                                                    
EMP                            TABLE                                                                                                                                                                    
BONUS                          TABLE                                                                                                                                                                    
SALGRADE                       TABLE                                                                                                                                                                    

SQL> CONN SYSTEM
Connected.
SQL> SHOW USER
USER is "SYSTEM"
SQL> SELECT * FROM TAB;

TNAME                          TABTYPE  CLUSTERID                                                                                                                                                       
------------------------------ ------- ----------                                                                                                                                                       
SYSCATALOG                     SYNONYM                                                                                                                                                                  
CATALOG                        SYNONYM                                                                                                                                                                  
TAB                            SYNONYM                                                                                                                                                                  
COL                            SYNONYM                                                                                                                                                                  
TABQUOTAS                      SYNONYM                                                                                                                                                                  
SYSFILES                       SYNONYM                                                                                                                                                                  
PUBLICSYN                      SYNONYM                                                                                                                                                                  
MVIEW$_ADV_WORKLOAD            TABLE                                                                                                                                                                    
MVIEW$_ADV_BASETABLE           TABLE                                                                                                                                                                    
MVIEW$_ADV_SQLDEPEND           TABLE                                                                                                                                                                    
MVIEW$_ADV_PRETTY              TABLE                                                                                                                                                                    
MVIEW$_ADV_TEMP                TABLE                                                                                                                                                                    
MVIEW$_ADV_FILTER              TABLE                                                                                                                                                                    
MVIEW$_ADV_LOG                 TABLE                                                                                                                                                                    
MVIEW$_ADV_FILTERINSTANCE      TABLE                                                                                                                                                                    
MVIEW$_ADV_LEVEL               TABLE                                                                                                                                                                    
MVIEW$_ADV_ROLLUP              TABLE                                                                                                                                                                    
MVIEW$_ADV_AJG                 TABLE                                                                                                                                                                    
MVIEW$_ADV_FJG                 TABLE                                                                                                                                                                    
MVIEW$_ADV_GC                  TABLE                                                                                                                                                                    
MVIEW$_ADV_CLIQUE              TABLE                                                                                                                                                                    
MVIEW$_ADV_ELIGIBLE            TABLE                                                                                                                                                                    
MVIEW$_ADV_OUTPUT              TABLE                                                                                                                                                                    
MVIEW$_ADV_EXCEPTIONS          TABLE                                                                                                                                                                    
MVIEW$_ADV_PARAMETERS          TABLE                                                                                                                                                                    
MVIEW$_ADV_INFO                TABLE                                                                                                                                                                    
MVIEW$_ADV_JOURNAL             TABLE                                                                                                                                                                    
MVIEW$_ADV_PLAN                TABLE                                                                                                                                                                    
MVIEW_WORKLOAD                 VIEW                                                                                                                                                                     
MVIEW_FILTER                   VIEW                                                                                                                                                                     
MVIEW_LOG                      VIEW                                                                                                                                                                     
MVIEW_FILTERINSTANCE           VIEW                                                                                                                                                                     
MVIEW_RECOMMENDATIONS          VIEW                                                                                                                                                                     
MVIEW_EVALUATIONS              VIEW                                                                                                                                                                     
MVIEW_EXCEPTIONS               VIEW                                                                                                                                                                     
AQ$_QUEUE_TABLES               TABLE                                                                                                                                                                    
AQ$_QUEUES                     TABLE                                                                                                                                                                    
AQ$_SCHEDULES                  TABLE                                                                                                                                                                    
AQ$_INTERNET_AGENTS            TABLE                                                                                                                                                                    
AQ$_INTERNET_AGENT_PRIVS       TABLE                                                                                                                                                                    
DEF$_AQCALL                    TABLE                                                                                                                                                                    
DEF$_AQERROR                   TABLE                                                                                                                                                                    
AQ$_DEF$_AQCALL_F              VIEW                                                                                                                                                                     
AQ$DEF$_AQCALL                 VIEW                                                                                                                                                                     
DEF$_ERROR                     TABLE                                                                                                                                                                    
AQ$_DEF$_AQERROR_F             VIEW                                                                                                                                                                     
AQ$DEF$_AQERROR                VIEW                                                                                                                                                                     
DEF$_DESTINATION               TABLE                                                                                                                                                                    
DEF$_CALLDEST                  TABLE                                                                                                                                                                    
DEF$_DEFAULTDEST               TABLE                                                                                                                                                                    
DEF$_LOB                       TABLE                                                                                                                                                                    
DEF$_TEMP$LOB                  TABLE                                                                                                                                                                    
DEF$_PROPAGATOR                TABLE                                                                                                                                                                    
DEF$_ORIGIN                    TABLE                                                                                                                                                                    
DEF$_PUSHED_TRANSACTIONS       TABLE                                                                                                                                                                    
OL$                            TABLE                                                                                                                                                                    
OL$HINTS                       TABLE                                                                                                                                                                    
OL$NODES                       TABLE                                                                                                                                                                    
LOGMNR_SESSION_EVOLVE$         TABLE                                                                                                                                                                    
LOGMNR_HEADER1$                TABLE                                                                                                                                                                    
LOGMNR_HEADER2$                TABLE                                                                                                                                                                    
LOGMNR_UID$                    TABLE                                                                                                                                                                    
LOGMNRC_DBNAME_UID_MAP         TABLE                                                                                                                                                                    
LOGMNR_DICTSTATE$              TABLE                                                                                                                                                                    
LOGMNR_DICTIONARY$             TABLE                                                                                                                                                                    
LOGMNR_OBJ$                    TABLE                                                                                                                                                                    
LOGMNR_USER$                   TABLE                                                                                                                                                                    
LOGMNRC_GTLO                   TABLE                                                                                                                                                                    
LOGMNRC_GTCS                   TABLE                                                                                                                                                                    
LOGMNRC_GSII                   TABLE                                                                                                                                                                    
LOGMNR_TAB$                    TABLE                                                                                                                                                                    
LOGMNR_COL$                    TABLE                                                                                                                                                                    
LOGMNR_ATTRCOL$                TABLE                                                                                                                                                                    
LOGMNR_TS$                     TABLE                                                                                                                                                                    
LOGMNR_IND$                    TABLE                                                                                                                                                                    
LOGMNR_TABPART$                TABLE                                                                                                                                                                    
LOGMNR_TABSUBPART$             TABLE                                                                                                                                                                    
LOGMNR_TABCOMPART$             TABLE                                                                                                                                                                    
LOGMNR_TYPE$                   TABLE                                                                                                                                                                    
LOGMNR_COLTYPE$                TABLE                                                                                                                                                                    
LOGMNR_ATTRIBUTE$              TABLE                                                                                                                                                                    
LOGMNR_LOB$                    TABLE                                                                                                                                                                    
LOGMNR_CDEF$                   TABLE                                                                                                                                                                    
LOGMNR_CCOL$                   TABLE                                                                                                                                                                    
LOGMNR_ICOL$                   TABLE                                                                                                                                                                    
LOGMNR_LOBFRAG$                TABLE                                                                                                                                                                    
LOGMNR_INDPART$                TABLE                                                                                                                                                                    
LOGMNR_INDSUBPART$             TABLE                                                                                                                                                                    
LOGMNR_INDCOMPART$             TABLE                                                                                                                                                                    
LOGMNRP_CTAS_PART_MAP          TABLE                                                                                                                                                                    
LOGMNRT_MDDL$                  TABLE                                                                                                                                                                    
LOGMNR_LOG$                    TABLE                                                                                                                                                                    
LOGMNR_PROCESSED_LOG$          TABLE                                                                                                                                                                    
LOGMNR_SPILL$                  TABLE                                                                                                                                                                    
LOGMNR_AGE_SPILL$              TABLE                                                                                                                                                                    
LOGMNR_RESTART_CKPT_TXINFO$    TABLE                                                                                                                                                                    
LOGMNR_ERROR$                  TABLE                                                                                                                                                                    
LOGMNR_RESTART_CKPT$           TABLE                                                                                                                                                                    
LOGMNR_FILTER$                 TABLE                                                                                                                                                                    
LOGMNR_PARAMETER$              TABLE                                                                                                                                                                    
LOGMNR_SESSION$                TABLE                                                                                                                                                                    
LOGSTDBY$PARAMETERS            TABLE                                                                                                                                                                    
LOGSTDBY$EVENTS                TABLE                                                                                                                                                                    
LOGSTDBY$APPLY_PROGRESS        TABLE                                                                                                                                                                    
LOGSTDBY$APPLY_MILESTONE       TABLE                                                                                                                                                                    
LOGSTDBY$SCN                   TABLE                                                                                                                                                                    
LOGSTDBY$PLSQL                 TABLE                                                                                                                                                                    
LOGSTDBY$SKIP_TRANSACTION      TABLE                                                                                                                                                                    
LOGSTDBY$SKIP                  TABLE                                                                                                                                                                    
LOGSTDBY$SKIP_SUPPORT          TABLE                                                                                                                                                                    
LOGSTDBY$HISTORY               TABLE                                                                                                                                                                    
REPCAT$_REPCAT                 TABLE                                                                                                                                                                    
REPCAT$_FLAVORS                TABLE                                                                                                                                                                    
REPCAT$_REPSCHEMA              TABLE                                                                                                                                                                    
REPCAT$_SNAPGROUP              TABLE                                                                                                                                                                    
REPCAT$_REPOBJECT              TABLE                                                                                                                                                                    
REPCAT$_REPCOLUMN              TABLE                                                                                                                                                                    
REPCAT$_KEY_COLUMNS            TABLE                                                                                                                                                                    
REPCAT$_GENERATED              TABLE                                                                                                                                                                    
REPCAT$_REPPROP                TABLE                                                                                                                                                                    
REPCAT$_REPCATLOG              TABLE                                                                                                                                                                    
REPCAT$_DDL                    TABLE                                                                                                                                                                    
REPCAT$_REPGROUP_PRIVS         TABLE                                                                                                                                                                    
REPCAT$_PRIORITY_GROUP         TABLE                                                                                                                                                                    
REPCAT$_PRIORITY               TABLE                                                                                                                                                                    
REPCAT$_COLUMN_GROUP           TABLE                                                                                                                                                                    
REPCAT$_GROUPED_COLUMN         TABLE                                                                                                                                                                    
REPCAT$_CONFLICT               TABLE                                                                                                                                                                    
REPCAT$_RESOLUTION_METHOD      TABLE                                                                                                                                                                    
REPCAT$_RESOLUTION             TABLE                                                                                                                                                                    
REPCAT$_RESOLUTION_STATISTICS  TABLE                                                                                                                                                                    
REPCAT$_RESOL_STATS_CONTROL    TABLE                                                                                                                                                                    
REPCAT$_PARAMETER_COLUMN       TABLE                                                                                                                                                                    
REPCAT$_AUDIT_ATTRIBUTE        TABLE                                                                                                                                                                    
REPCAT$_AUDIT_COLUMN           TABLE                                                                                                                                                                    
REPCAT$_FLAVOR_OBJECTS         TABLE                                                                                                                                                                    
REPCAT$_TEMPLATE_STATUS        TABLE                                                                                                                                                                    
REPCAT$_TEMPLATE_TYPES         TABLE                                                                                                                                                                    
REPCAT$_REFRESH_TEMPLATES      TABLE                                                                                                                                                                    
REPCAT$_USER_AUTHORIZATIONS    TABLE                                                                                                                                                                    
REPCAT$_OBJECT_TYPES           TABLE                                                                                                                                                                    
REPCAT$_TEMPLATE_REFGROUPS     TABLE                                                                                                                                                                    
REPCAT$_TEMPLATE_OBJECTS       TABLE                                                                                                                                                                    
REPCAT$_TEMPLATE_PARMS         TABLE                                                                                                                                                                    
REPCAT$_OBJECT_PARMS           TABLE                                                                                                                                                                    
REPCAT$_USER_PARM_VALUES       TABLE                                                                                                                                                                    
REPCAT$_TEMPLATE_SITES         TABLE                                                                                                                                                                    
REPCAT$_SITE_OBJECTS           TABLE                                                                                                                                                                    
REPCAT$_RUNTIME_PARMS          TABLE                                                                                                                                                                    
REPCAT$_TEMPLATE_TARGETS       TABLE                                                                                                                                                                    
REPCAT$_EXCEPTIONS             TABLE                                                                                                                                                                    
REPCAT$_INSTANTIATION_DDL      TABLE                                                                                                                                                                    
REPCAT$_EXTENSION              TABLE                                                                                                                                                                    
REPCAT$_SITES_NEW              TABLE                                                                                                                                                                    
SQLPLUS_PRODUCT_PROFILE        TABLE                                                                                                                                                                    
PRODUCT_PRIVS                  VIEW                                                                                                                                                                     
PRODUCT_USER_PROFILE           SYNONYM                                                                                                                                                                  
HELP                           TABLE                                                                                                                                                                    
MVIEW$_ADV_INDEX               TABLE                                                                                                                                                                    
MVIEW$_ADV_PARTITION           TABLE                                                                                                                                                                    
MVIEW$_ADV_OWB                 TABLE                                                                                                                                                                    

161 rows selected.

SQL> conn scott/sunny
Connected.
SQL> SELECT *
  2  FROM tab;

TNAME                          TABTYPE  CLUSTERID                                                                                                                                                       
------------------------------ ------- ----------                                                                                                                                                       
DEPT                           TABLE                                                                                                                                                                    
EMP                            TABLE                                                                                                                                                                    
BONUS                          TABLE                                                                                                                                                                    
SALGRADE                       TABLE                                                                                                                                                                    

SQL> SELECT EMP
  2  FROM TAB;
SELECT EMP
       *
ERROR at line 1:
ORA-00904: "EMP": invalid identifier 


SQL> SELECT EMP
  2  FROM USERS;
FROM USERS
     *
ERROR at line 2:
ORA-00942: table or view does not exist 


SQL> SELECT EMP
  2  FROM TNAME ;
FROM TNAME 
     *
ERROR at line 2:
ORA-00942: table or view does not exist 


SQL> SELECT DEPT
  2  SELCT *
  3  CL SCR
  4  CL SCR;
SELCT *
      *
ERROR at line 2:
ORA-00923: FROM keyword not found where expected 


SQL> SELECT *
  2  FROM DEPT;

    DEPTNO DNAME          LOC                                                                                                                                                                           
---------- -------------- -------------                                                                                                                                                                 
        10 ACCOUNTING     NEW YORK                                                                                                                                                                      
        20 RESEARCH       DALLAS                                                                                                                                                                        
        30 SALES          CHICAGO                                                                                                                                                                       
        40 OPERATIONS     BOSTON                                                                                                                                                                        

SQL> SELECT *
  2  FROM EMP;

     EMPNO ENAME      JOB              MGR HIREDATE         SAL       COMM     DEPTNO                                                                                                                   
---------- ---------- --------- ---------- --------- ---------- ---------- ----------                                                                                                                   
      7369 SMITH      CLERK           7902 17-DEC-80        800                    20                                                                                                                   
      7499 ALLEN      SALESMAN        7698 20-FEB-81       1600        300         30                                                                                                                   
      7521 WARD       SALESMAN        7698 22-FEB-81       1250        500         30                                                                                                                   
      7566 JONES      MANAGER         7839 02-APR-81       2975                    20                                                                                                                   
      7654 MARTIN     SALESMAN        7698 28-SEP-81       1250       1400         30                                                                                                                   
      7698 BLAKE      MANAGER         7839 01-MAY-81       2850                    30                                                                                                                   
      7782 CLARK      MANAGER         7839 09-JUN-81       2450                    10                                                                                                                   
      7788 SCOTT      ANALYST         7566 19-APR-87       3000                    20                                                                                                                   
      7839 KING       PRESIDENT            17-NOV-81       5000                    10                                                                                                                   
      7844 TURNER     SALESMAN        7698 08-SEP-81       1500          0         30                                                                                                                   
      7876 ADAMS      CLERK           7788 23-MAY-87       1100                    20                                                                                                                   
      7900 JAMES      CLERK           7698 03-DEC-81        950                    30                                                                                                                   
      7902 FORD       ANALYST         7566 03-DEC-81       3000                    20                                                                                                                   
      7934 MILLER     CLERK           7782 23-JAN-82       1300                    10                                                                                                                   

14 rows selected.

SQL> SELCT *
SP2-0042: unknown command "SELCT *" - rest of line ignored.
SQL> FROM BONUS;
SP2-0042: unknown command "FROM BONUS" - rest of line ignored.
SQL> SELECT *
  2  FROM BONUS;

no rows selected

SQL> SELECT *
  2  FROM SALGRADE;

     GRADE      LOSAL      HISAL                                                                                                                                                                        
---------- ---------- ----------                                                                                                                                                                        
         1        700       1200                                                                                                                                                                        
         2       1201       1400                                                                                                                                                                        
         3       1401       2000                                                                                                                                                                        
         4       2001       3000                                                                                                                                                                        
         5       3001       9999                                                                                                                                                                        

SQL> SELECT ENAME
  2  FROM EMP;

ENAME                                                                                                                                                                                                   
----------                                                                                                                                                                                              
SMITH                                                                                                                                                                                                   
ALLEN                                                                                                                                                                                                   
WARD                                                                                                                                                                                                    
JONES                                                                                                                                                                                                   
MARTIN                                                                                                                                                                                                  
BLAKE                                                                                                                                                                                                   
CLARK                                                                                                                                                                                                   
SCOTT                                                                                                                                                                                                   
KING                                                                                                                                                                                                    
TURNER                                                                                                                                                                                                  
ADAMS                                                                                                                                                                                                   
JAMES                                                                                                                                                                                                   
FORD                                                                                                                                                                                                    
MILLER                                                                                                                                                                                                  

14 rows selected.

SQL> SELECT DNAME
  2  FROM DEPT;

DNAME                                                                                                                                                                                                   
--------------                                                                                                                                                                                          
ACCOUNTING                                                                                                                                                                                              
RESEARCH                                                                                                                                                                                                
SALES                                                                                                                                                                                                   
OPERATIONS                                                                                                                                                                                              

SQL> SELECT ENAME,DNAME,SAL,HIREDATE,COMM
  2  FROM EMP,DEPT;

ENAME      DNAME                 SAL HIREDATE        COMM                                                                                                                                               
---------- -------------- ---------- --------- ----------                                                                                                                                               
SMITH      ACCOUNTING            800 17-DEC-80                                                                                                                                                          
ALLEN      ACCOUNTING           1600 20-FEB-81        300                                                                                                                                               
WARD       ACCOUNTING           1250 22-FEB-81        500                                                                                                                                               
JONES      ACCOUNTING           2975 02-APR-81                                                                                                                                                          
MARTIN     ACCOUNTING           1250 28-SEP-81       1400                                                                                                                                               
BLAKE      ACCOUNTING           2850 01-MAY-81                                                                                                                                                          
CLARK      ACCOUNTING           2450 09-JUN-81                                                                                                                                                          
SCOTT      ACCOUNTING           3000 19-APR-87                                                                                                                                                          
KING       ACCOUNTING           5000 17-NOV-81                                                                                                                                                          
TURNER     ACCOUNTING           1500 08-SEP-81          0                                                                                                                                               
ADAMS      ACCOUNTING           1100 23-MAY-87                                                                                                                                                          
JAMES      ACCOUNTING            950 03-DEC-81                                                                                                                                                          
FORD       ACCOUNTING           3000 03-DEC-81                                                                                                                                                          
MILLER     ACCOUNTING           1300 23-JAN-82                                                                                                                                                          
SMITH      RESEARCH              800 17-DEC-80                                                                                                                                                          
ALLEN      RESEARCH             1600 20-FEB-81        300                                                                                                                                               
WARD       RESEARCH             1250 22-FEB-81        500                                                                                                                                               
JONES      RESEARCH             2975 02-APR-81                                                                                                                                                          
MARTIN     RESEARCH             1250 28-SEP-81       1400                                                                                                                                               
BLAKE      RESEARCH             2850 01-MAY-81                                                                                                                                                          
CLARK      RESEARCH             2450 09-JUN-81                                                                                                                                                          
SCOTT      RESEARCH             3000 19-APR-87                                                                                                                                                          
KING       RESEARCH             5000 17-NOV-81                                                                                                                                                          
TURNER     RESEARCH             1500 08-SEP-81          0                                                                                                                                               
ADAMS      RESEARCH             1100 23-MAY-87                                                                                                                                                          
JAMES      RESEARCH              950 03-DEC-81                                                                                                                                                          
FORD       RESEARCH             3000 03-DEC-81                                                                                                                                                          
MILLER     RESEARCH             1300 23-JAN-82                                                                                                                                                          
SMITH      SALES                 800 17-DEC-80                                                                                                                                                          
ALLEN      SALES                1600 20-FEB-81        300                                                                                                                                               
WARD       SALES                1250 22-FEB-81        500                                                                                                                                               
JONES      SALES                2975 02-APR-81                                                                                                                                                          
MARTIN     SALES                1250 28-SEP-81       1400                                                                                                                                               
BLAKE      SALES                2850 01-MAY-81                                                                                                                                                          
CLARK      SALES                2450 09-JUN-81                                                                                                                                                          
SCOTT      SALES                3000 19-APR-87                                                                                                                                                          
KING       SALES                5000 17-NOV-81                                                                                                                                                          
TURNER     SALES                1500 08-SEP-81          0                                                                                                                                               
ADAMS      SALES                1100 23-MAY-87                                                                                                                                                          
JAMES      SALES                 950 03-DEC-81                                                                                                                                                          
FORD       SALES                3000 03-DEC-81                                                                                                                                                          
MILLER     SALES                1300 23-JAN-82                                                                                                                                                          
SMITH      OPERATIONS            800 17-DEC-80                                                                                                                                                          
ALLEN      OPERATIONS           1600 20-FEB-81        300                                                                                                                                               
WARD       OPERATIONS           1250 22-FEB-81        500                                                                                                                                               
JONES      OPERATIONS           2975 02-APR-81                                                                                                                                                          
MARTIN     OPERATIONS           1250 28-SEP-81       1400                                                                                                                                               
BLAKE      OPERATIONS           2850 01-MAY-81                                                                                                                                                          
CLARK      OPERATIONS           2450 09-JUN-81                                                                                                                                                          
SCOTT      OPERATIONS           3000 19-APR-87                                                                                                                                                          
KING       OPERATIONS           5000 17-NOV-81                                                                                                                                                          
TURNER     OPERATIONS           1500 08-SEP-81          0                                                                                                                                               
ADAMS      OPERATIONS           1100 23-MAY-87                                                                                                                                                          
JAMES      OPERATIONS            950 03-DEC-81                                                                                                                                                          
FORD       OPERATIONS           3000 03-DEC-81                                                                                                                                                          
MILLER     OPERATIONS           1300 23-JAN-82                                                                                                                                                          

56 rows selected.

SQL> SPOOL OFF
