 SQL>  SELECT ENAME FROM EMP
  2   WHERE SAL>(SELECT SAL FROM EMP WHERE ENAME='SCOTT') AND DEPTNO=(SELECT DEPTNO FROM DEPT WHERE DNAME='ACCOUNTING');

ENAME                                                                                                                                                                                                   
----------                                                                                                                                                                                              
KING                                                                                                                                                                                                    

SQL>  SELECT * FROM EMP WHERE JOB='MANAGER' AND DEPTNO=(SELECT DEPTNO FROM DEPT WHERE LOC='CHICAGO');

     EMPNO ENAME      JOB              MGR HIREDATE         SAL       COMM     DEPTNO                                                                                                                   
---------- ---------- --------- ---------- --------- ---------- ---------- ----------                                                                                                                   
      7698 BLAKE      MANAGER         7839 01-MAY-81       2850                    30                                                                                                                   

SQL> SELECT ENAME,SAL FROM EMP WHERE SAL>(SELECT SAL FROM EMP WHERE ENAME='KING') AND DEPTNO=(SELECT DEPTNO FROM DEPT WHERE DNAME='ACCOUNTING');

no rows selected
                                                                    
SQL> SELECT * FROM EMP
  2  WHERE JOB='SALESMAN' AND DEPTNO=(SELECT DEPTNO FROM DEPT WHERE DNAME='SALES');

     EMPNO ENAME      JOB              MGR HIREDATE         SAL       COMM     DEPTNO                                                                                                                   
---------- ---------- --------- ---------- --------- ---------- ---------- ----------                                                                                                                   
      7499 ALLEN      SALESMAN        7698 20-FEB-81       1600        300         30                                                                                                                   
      7521 WARD       SALESMAN        7698 22-FEB-81       1250        500         30                                                                                                                   
      7654 MARTIN     SALESMAN        7698 28-SEP-81       1250       1400         30                                                                                                                   
      7844 TURNER     SALESMAN        7698 08-SEP-81       1500          0         30                                                                                                                   


SQL> SELECT ENAME,SAL,JOB,HIREDATE
  2  FROM EMP
  3  WHERE DEPTNO=(SELECT DEPTNO FROM DEPT WHERE DNAME='OPERATIONS') AND HIREDATE<(SELECT HIREDATE FROM EMP WHERE ENAME='KING');

no rows selected

SQL> SELECT DNAME FROM DEPT WHERE DEPTNO IN (SELECT DEPTNO FROM EMP WHERE ENAME LIKE '%A%');

DNAME                                                                                                                                                                                                   
--------------                                                                                                                                                                                          
ACCOUNTING                                                                                                                                                                                              
RESEARCH                                                                                                                                                                                                
SALES                                                                                                                                                                                                   

SQL> SELECT ENAME
  2  FROM EMP
  3  WHERE DEPTNO IN (SELECT DEPTNO FROM DEPT WHERE ENAME LIKE 'S%');

ENAME                                                                                                                                                                                                   
----------                                                                                                                                                                                              
SMITH                                                                                                                                                                                                   
SCOTT                                                                                                                                                                                                   

SQL> SELECT DNAME FROM DEPT
  2  WHERE DEPTNO IN (SELECT DEPTNO FROM EMP WHERE SAL=800);

DNAME                                                                                                                                                                                                   
--------------                                                                                                                                                                                          
RESEARCH                                                                                                                                                                                                


SQL> 1  SELECT DNAME,LOC FROM DEPT
     2 WHERE DEPTNO IN (SELECT DEPTNO FROM EMP WHERE SAL=800);

DNAME          LOC                                                                                                                                                                                      
-------------- -------------                                                                                                                                                                            
RESEARCH       DALLAS                                                                                                                                                                                   

SQL> SELECT DNAME FROM DEPT
  2  WHERE DEPTNO IN (SELECT DEPTNO FROM EMP WHERE COMM IS NOT NULL);

DNAME                                                                                                                                                                                                   
--------------                                                                                                                                                                                          
SALES                                                                                                                                                                                                   

SQL>  SELECT LOC FROM DEPT
  2   WHERE DEPTNO IN(SELECT DEPTNO FROM EMP WHERE COMM IS NOT NULL AND DEPTNO=40);

no rows selected

SQL> SPOOL OFF

 

